<?xml version="1.0" encoding="UTF-8"?>
<!-- Generated by org.testng.reporters.JUnitReportReporter -->
<testsuite skipped="0" hostname="MeetVaria-PC" name="com.inetbanking.testCases.TC_LoginTest_001" tests="1" failures="0" timestamp="18 May 2021 14:52:06 GMT" time="2.378" errors="0">
  <testcase name="loginTest" time="2.378" classname="com.inetbanking.testCases.TC_LoginTest_001"/>
</testsuite> <!-- com.inetbanking.testCases.TC_LoginTest_001 -->
