<?xml version="1.0" encoding="UTF-8"?>
<!-- Generated by org.testng.reporters.JUnitReportReporter -->
<testsuite skipped="0" hostname="MeetVaria-PC" name="com.inetbanking.testCases.TC_AddCustomerTest_003" tests="1" failures="0" timestamp="28 May 2021 06:50:01 GMT" time="17.739" errors="0">
  <testcase name="addNewCustomer" time="17.739" classname="com.inetbanking.testCases.TC_AddCustomerTest_003"/>
</testsuite> <!-- com.inetbanking.testCases.TC_AddCustomerTest_003 -->
