<?xml version="1.0" encoding="UTF-8"?>
<!-- Generated by org.testng.reporters.JUnitReportReporter -->
<testsuite skipped="0" hostname="MeetVaria-PC" name="com.inetbanking.testCases.TC_LoginTest_001" tests="1" failures="0" timestamp="28 May 2021 06:50:01 GMT" time="2.895" errors="0">
  <testcase name="loginTest" time="2.895" classname="com.inetbanking.testCases.TC_LoginTest_001"/>
</testsuite> <!-- com.inetbanking.testCases.TC_LoginTest_001 -->
